# JRE version: OpenJDK Runtime Environment (8.0_202-b03) (build 1.8.0_202-release-1483-b03)
# Java VM: OpenJDK 64-Bit Server VM (25.202-b03 mixed mode windows-amd64 compressed oops)
Heap:
 PSYoungGen      total 173568K, used 5329K [0x00000000e0000000, 0x00000000eea80000, 0x0000000100000000)
  eden space 121856K, 2% used [0x00000000e0000000,0x00000000e02ec438,0x00000000e7700000)
  from space 51712K, 4% used [0x00000000eb800000,0x00000000eba48000,0x00000000eea80000)
  to   space 47616K, 0% used [0x00000000e7700000,0x00000000e7700000,0x00000000ea580000)
 ParOldGen       total 267264K, used 64664K [0x00000000a0000000, 0x00000000b0500000, 0x00000000e0000000)
  object space 267264K, 24% used [0x00000000a0000000,0x00000000a3f26370,0x00000000b0500000)
 Metaspace       used 94739K, capacity 98822K, committed 99328K, reserved 1136640K
  class space    used 12121K, capacity 12946K, committed 13056K, reserved 1048576K
GC Heap History (10 events):
Event: 433.851 GC heap before
{Heap before GC invocations=19 (full 3):
 PSYoungGen      total 164864K, used 162399K [0x00000000e0000000, 0x00000000ec880000, 0x0000000100000000)
  eden space 131584K, 100% used [0x00000000e0000000,0x00000000e8080000,0x00000000e8080000)
  from space 33280K, 92% used [0x00000000e8280000,0x00000000ea097f48,0x00000000ea300000)
  to   space 36864K, 0% used [0x00000000ea480000,0x00000000ea480000,0x00000000ec880000)
 ParOldGen       total 267264K, used 43133K [0x00000000a0000000, 0x00000000b0500000, 0x00000000e0000000)
  object space 267264K, 16% used [0x00000000a0000000,0x00000000a2a1f7e0,0x00000000b0500000)
 Metaspace       used 80540K, capacity 84156K, committed 84352K, reserved 1122304K
  class space    used 10355K, capacity 11102K, committed 11136K, reserved 1048576K
Event: 433.888 GC heap after
Heap after GC invocations=19 (full 3):
 PSYoungGen      total 165376K, used 30815K [0x00000000e0000000, 0x00000000ecc80000, 0x0000000100000000)
  eden space 128512K, 0% used [0x00000000e0000000,0x00000000e0000000,0x00000000e7d80000)
  from space 36864K, 83% used [0x00000000ea480000,0x00000000ec297c70,0x00000000ec880000)
  to   space 39936K, 0% used [0x00000000e7d80000,0x00000000e7d80000,0x00000000ea480000)
 ParOldGen       total 267264K, used 43141K [0x00000000a0000000, 0x00000000b0500000, 0x00000000e0000000)
  object space 267264K, 16% used [0x00000000a0000000,0x00000000a2a217e0,0x00000000b0500000)
 Metaspace       used 80540K, capacity 84156K, committed 84352K, reserved 1122304K
  class space    used 10355K, capacity 11102K, committed 11136K, reserved 1048576K
}
Event: 436.198 GC heap before
{Heap before GC invocations=20 (full 3):
 PSYoungGen      total 165376K, used 159327K [0x00000000e0000000, 0x00000000ecc80000, 0x0000000100000000)
  eden space 128512K, 100% used [0x00000000e0000000,0x00000000e7d80000,0x00000000e7d80000)
  from space 36864K, 83% used [0x00000000ea480000,0x00000000ec297c70,0x00000000ec880000)
  to   space 39936K, 0% used [0x00000000e7d80000,0x00000000e7d80000,0x00000000ea480000)
 ParOldGen       total 267264K, used 43141K [0x00000000a0000000, 0x00000000b0500000, 0x00000000e0000000)
  object space 267264K, 16% used [0x00000000a0000000,0x00000000a2a217e0,0x00000000b0500000)
 Metaspace       used 84488K, capacity 88060K, committed 88192K, reserved 1126400K
  class space    used 10859K, capacity 11614K, committed 11648K, reserved 1048576K
Event: 436.221 GC heap after
Heap after GC invocations=20 (full 3):
 PSYoungGen      total 166400K, used 32638K [0x00000000e0000000, 0x00000000ecf80000, 0x0000000100000000)
  eden space 126464K, 0% used [0x00000000e0000000,0x00000000e0000000,0x00000000e7b80000)
  from space 39936K, 81% used [0x00000000e7d80000,0x00000000e9d5fae0,0x00000000ea480000)
  to   space 43008K, 0% used [0x00000000ea580000,0x00000000ea580000,0x00000000ecf80000)
 ParOldGen       total 267264K, used 43149K [0x00000000a0000000, 0x00000000b0500000, 0x00000000e0000000)
  object space 267264K, 16% used [0x00000000a0000000,0x00000000a2a237e0,0x00000000b0500000)
 Metaspace       used 84488K, capacity 88060K, committed 88192K, reserved 1126400K
  class space    used 10859K, capacity 11614K, committed 11648K, reserved 1048576K
}
Event: 440.280 GC heap before
{Heap before GC invocations=21 (full 3):
 PSYoungGen      total 166400K, used 159102K [0x00000000e0000000, 0x00000000ecf80000, 0x0000000100000000)
  eden space 126464K, 100% used [0x00000000e0000000,0x00000000e7b80000,0x00000000e7b80000)
  from space 39936K, 81% used [0x00000000e7d80000,0x00000000e9d5fae0,0x00000000ea480000)
  to   space 43008K, 0% used [0x00000000ea580000,0x00000000ea580000,0x00000000ecf80000)
 ParOldGen       total 267264K, used 43149K [0x00000000a0000000, 0x00000000b0500000, 0x00000000e0000000)
  object space 267264K, 16% used [0x00000000a0000000,0x00000000a2a237e0,0x00000000b0500000)
 Metaspace       used 87981K, capacity 91760K, committed 91904K, reserved 1128448K
  class space    used 11234K, capacity 12012K, committed 12032K, reserved 1048576K
Event: 440.320 GC heap after
Heap after GC invocations=21 (full 3):
 PSYoungGen      total 164864K, used 39078K [0x00000000e0000000, 0x00000000ed680000, 0x0000000100000000)
  eden space 121856K, 0% used [0x00000000e0000000,0x00000000e0000000,0x00000000e7700000)
  from space 43008K, 90% used [0x00000000ea580000,0x00000000ecba9a80,0x00000000ecf80000)
  to   space 47616K, 0% used [0x00000000e7700000,0x00000000e7700000,0x00000000ea580000)
 ParOldGen       total 267264K, used 43157K [0x00000000a0000000, 0x00000000b0500000, 0x00000000e0000000)
  object space 267264K, 16% used [0x00000000a0000000,0x00000000a2a257e0,0x00000000b0500000)
 Metaspace       used 87981K, capacity 91760K, committed 91904K, reserved 1128448K
  class space    used 11234K, capacity 12012K, committed 12032K, reserved 1048576K
}
Event: 441.375 GC heap before
{Heap before GC invocations=22 (full 3):
 PSYoungGen      total 164864K, used 109206K [0x00000000e0000000, 0x00000000ed680000, 0x0000000100000000)
  eden space 121856K, 57% used [0x00000000e0000000,0x00000000e447be80,0x00000000e7700000)
  from space 43008K, 90% used [0x00000000ea580000,0x00000000ecba9a80,0x00000000ecf80000)
  to   space 47616K, 0% used [0x00000000e7700000,0x00000000e7700000,0x00000000ea580000)
 ParOldGen       total 267264K, used 43157K [0x00000000a0000000, 0x00000000b0500000, 0x00000000e0000000)
  object space 267264K, 16% used [0x00000000a0000000,0x00000000a2a257e0,0x00000000b0500000)
 Metaspace       used 94066K, capacity 98444K, committed 98496K, reserved 1134592K
  class space    used 12141K, capacity 13004K, committed 13056K, reserved 1048576K
Event: 441.402 GC heap after
Heap after GC invocations=22 (full 3):
 PSYoungGen      total 169472K, used 40813K [0x00000000e0000000, 0x00000000eea80000, 0x0000000100000000)
  eden space 121856K, 0% used [0x00000000e0000000,0x00000000e0000000,0x00000000e7700000)
  from space 47616K, 85% used [0x00000000e7700000,0x00000000e9edb598,0x00000000ea580000)
  to   space 51712K, 0% used [0x00000000eb800000,0x00000000eb800000,0x00000000eea80000)
 ParOldGen       total 267264K, used 43165K [0x00000000a0000000, 0x00000000b0500000, 0x00000000e0000000)
  object space 267264K, 16% used [0x00000000a0000000,0x00000000a2a277e0,0x00000000b0500000)
 Metaspace       used 94066K, capacity 98444K, committed 98496K, reserved 1134592K
  class space    used 12141K, capacity 13004K, committed 13056K, reserved 1048576K
}
Event: 441.402 GC heap before
{Heap before GC invocations=23 (full 4):
 PSYoungGen      total 169472K, used 40813K [0x00000000e0000000, 0x00000000eea80000, 0x0000000100000000)
  eden space 121856K, 0% used [0x00000000e0000000,0x00000000e0000000,0x00000000e7700000)
  from space 47616K, 85% used [0x00000000e7700000,0x00000000e9edb598,0x00000000ea580000)
  to   space 51712K, 0% used [0x00000000eb800000,0x00000000eb800000,0x00000000eea80000)
 ParOldGen       total 267264K, used 43165K [0x00000000a0000000, 0x00000000b0500000, 0x00000000e0000000)
  object space 267264K, 16% used [0x00000000a0000000,0x00000000a2a277e0,0x00000000b0500000)
 Metaspace       used 94066K, capacity 98444K, committed 98496K, reserved 1134592K
  class space    used 12141K, capacity 13004K, committed 13056K, reserved 1048576K
Event: 441.681 GC heap after
Heap after GC invocations=23 (full 4):
 PSYoungGen      total 169472K, used 0K [0x00000000e0000000, 0x00000000eea80000, 0x0000000100000000)
  eden space 121856K, 0% used [0x00000000e0000000,0x00000000e0000000,0x00000000e7700000)
  from space 47616K, 0% used [0x00000000e7700000,0x00000000e7700000,0x00000000ea580000)
  to   space 51712K, 0% used [0x00000000eb800000,0x00000000eb800000,0x00000000eea80000)
 ParOldGen       total 267264K, used 64664K [0x00000000a0000000, 0x00000000b0500000, 0x00000000e0000000)
  object space 267264K, 24% used [0x00000000a0000000,0x00000000a3f26370,0x00000000b0500000)
 Metaspace       used 93873K, capacity 97900K, committed 98496K, reserved 1134592K
  class space    used 12079K, capacity 12901K, committed 13056K, reserved 1048576K
}

